<?xml version="1.0" encoding="UTF-8"?>
<!-- Generated by org.testng.reporters.JUnitReportReporter -->
<testsuite skipped="0" hostname="LAPTOP-7BBJJRTK" name="com.hrms.TestScripts.TC_102" tests="2" failures="0" timestamp="2019-12-14T17:50:20 IST" time="17.671" errors="0">
  <testcase name="AddEmp" time="11.226" classname="com.hrms.TestScripts.TC_102"/>
  <testcase name="DelEmp" time="6.445" classname="com.hrms.TestScripts.TC_102"/>
</testsuite> <!-- com.hrms.TestScripts.TC_102 -->
